#
# There is insufficient memory for the Java Runtime Environment to continue.
# Native memory allocation (malloc) failed to allocate 1048576 bytes for AllocateHeap
# Possible reasons:
#   The system is out of physical RAM or swap space
#   The process is running with CompressedOops enabled, and the Java Heap may be blocking the growth of the native heap
# Possible solutions:
#   Reduce memory load on the system
#   Increase physical memory or swap space
#   Check if swap backing store is full
#   Decrease Java heap size (-Xmx/-Xms)
#   Decrease number of Java threads
#   Decrease Java thread stack sizes (-Xss)
#   Set larger code cache with -XX:ReservedCodeCacheSize=
#   JVM is running with Zero Based Compressed Oops mode in which the Java heap is
#     placed in the first 32GB address space. The Java Heap base address is the
#     maximum limit for the native heap growth. Please use -XX:HeapBaseMinAddress
#     to set the Java Heap base and to place the Java Heap above 32GB virtual address.
# This output file may be truncated or incomplete.
#
#  Out of Memory Error (memory/allocation.inline.hpp:61), pid=35252, tid=0x0000000000006f94
#
# JRE version:  (8.0_211-b12) (build )
# Java VM: Java HotSpot(TM) 64-Bit Server VM (25.211-b12 mixed mode windows-amd64 compressed oops)
# Failed to write core dump. Minidumps are not enabled by default on client versions of Windows
#

---------------  T H R E A D  ---------------

Current thread (0x0000000003076800):  JavaThread "Unknown thread" [_thread_in_vm, id=28564, stack(0x0000000002e70000,0x0000000002f70000)]

Stack: [0x0000000002e70000,0x0000000002f70000]
[error occurred during error reporting (printing stack bounds), id 0xc0000005]

Native frames: (J=compiled Java code, j=interpreted, Vv=VM code, C=native code)


---------------  P R O C E S S  ---------------

Java Threads: ( => current thread )

Other Threads:

=>0x0000000003076800 (exited) JavaThread "Unknown thread" [_thread_in_vm, id=28564, stack(0x0000000002e70000,0x0000000002f70000)]

VM state:not at safepoint (normal execution)

VM Mutex/Monitor currently owned by a thread: None

heap address: 0x00000006c2800000, size: 4056 MB, Compressed Oops mode: Zero based, Oop shift amount: 3
Narrow klass base: 0x0000000000000000, Narrow klass shift: 3
Compressed class space size: 1073741824 Address: 0x00000007c0000000

Heap:
 PSYoungGen      total 75776K, used 1300K [0x000000076b800000, 0x0000000770c80000, 0x00000007c0000000)
  eden space 65024K, 2% used [0x000000076b800000,0x000000076b9451f8,0x000000076f780000)
  from space 10752K, 0% used [0x0000000770200000,0x0000000770200000,0x0000000770c80000)
  to   space 10752K, 0% used [0x000000076f780000,0x000000076f780000,0x0000000770200000)
 ParOldGen       total 173568K, used 0K [0x00000006c2800000, 0x00000006cd180000, 0x000000076b800000)
  object space 173568K, 0% used [0x00000006c2800000,0x00000006c2800000,0x00000006cd180000)
 Metaspace       used 775K, capacity 4480K, committed 4480K, reserved 1056768K
  class space    used 76K, capacity 384K, committed 384K, reserved 1048576K

Card table byte_map: [0x0000000012530000,0x0000000012d20000] byte_map_base: 0x000000000ef1c000

Marking Bits: (ParMarkBitMap*) 0x000000005c275ce0
 Begin Bits: [0x0000000013a70000, 0x00000000179d0000)
 End Bits:   [0x00000000179d0000, 0x000000001b930000)

Polling page: 0x0000000001070000

CodeCache: size=245760Kb used=328Kb max_used=328Kb free=245431Kb
 bounds [0x0000000003170000, 0x00000000033e0000, 0x0000000012170000]
 total_blobs=58 nmethods=0 adapters=38
 compilation: enabled

Compilation events (0 events):
No events

GC Heap History (0 events):
No events

Deoptimization events (0 events):
No events

Classes redefined (0 events):
No events

Internal exceptions (0 events):
No events

Events (10 events):
Event: 0.027 loading class java/lang/Short
Event: 0.027 loading class java/lang/Short done
Event: 0.027 loading class java/lang/Integer
Event: 0.027 loading class java/lang/Integer done
Event: 0.027 loading class java/lang/Long
Event: 0.028 loading class java/lang/Long done
Event: 0.028 loading class java/lang/NullPointerException
Event: 0.028 loading class java/lang/NullPointerException done
Event: 0.028 loading class java/lang/ArithmeticException
Event: 0.028 loading class java/lang/ArithmeticException done


Dynamic libraries:
0x00007ff6acab0000 - 0x00007ff6acae7000 	C:\Program Files\Java\jdk1.8.0_211\bin\java.exe
0x00007ff811240000 - 0x00007ff811430000 	C:\WINDOWS\SYSTEM32\ntdll.dll
0x00007ff8106d0000 - 0x00007ff810782000 	C:\WINDOWS\System32\KERNEL32.DLL
0x00007ff80eb50000 - 0x00007ff80edf4000 	C:\WINDOWS\System32\KERNELBASE.dll
0x00007ff810df0000 - 0x00007ff810e93000 	C:\WINDOWS\System32\ADVAPI32.dll
0x00007ff80f490000 - 0x00007ff80f52e000 	C:\WINDOWS\System32\msvcrt.dll
0x00007ff810630000 - 0x00007ff8106c7000 	C:\WINDOWS\System32\sechost.dll
0x00007ff8110c0000 - 0x00007ff8111e0000 	C:\WINDOWS\System32\RPCRT4.dll
0x00007ff80f2f0000 - 0x00007ff80f484000 	C:\WINDOWS\System32\USER32.dll
0x00007ff80ef50000 - 0x00007ff80ef71000 	C:\WINDOWS\System32\win32u.dll
0x00007ff810dc0000 - 0x00007ff810de6000 	C:\WINDOWS\System32\GDI32.dll
0x00007ff80efd0000 - 0x00007ff80f165000 	C:\WINDOWS\System32\gdi32full.dll
0x00007ff80e2b0000 - 0x00007ff80e34e000 	C:\WINDOWS\System32\msvcp_win.dll
0x00007ff80f170000 - 0x00007ff80f26a000 	C:\WINDOWS\System32\ucrtbase.dll
0x00007ffff5a00000 - 0x00007ffff5c84000 	C:\WINDOWS\WinSxS\amd64_microsoft.windows.common-controls_6595b64144ccf1df_6.0.18362.900_none_e6beb9d913147d17\COMCTL32.dll
0x00007ff80ff20000 - 0x00007ff810255000 	C:\WINDOWS\System32\combase.dll
0x00007ff80f270000 - 0x00007ff80f2f0000 	C:\WINDOWS\System32\bcryptPrimitives.dll
0x00007ff80fc30000 - 0x00007ff80fc5e000 	C:\WINDOWS\System32\IMM32.DLL
0x000000005c300000 - 0x000000005c3d2000 	C:\Program Files\Java\jdk1.8.0_211\jre\bin\msvcr100.dll
0x000000005ba50000 - 0x000000005c2f5000 	C:\Program Files\Java\jdk1.8.0_211\jre\bin\server\jvm.dll
0x00007ff8107a0000 - 0x00007ff8107a8000 	C:\WINDOWS\System32\PSAPI.DLL
0x00007ff800000000 - 0x00007ff800009000 	C:\WINDOWS\SYSTEM32\WSOCK32.dll
0x00007ffff97d0000 - 0x00007ffff97f4000 	C:\WINDOWS\SYSTEM32\WINMM.dll
0x00007ff809a70000 - 0x00007ff809a7a000 	C:\WINDOWS\SYSTEM32\VERSION.dll
0x00007ff810f70000 - 0x00007ff810fdf000 	C:\WINDOWS\System32\WS2_32.dll
0x00007ffffb550000 - 0x00007ffffb57d000 	C:\WINDOWS\SYSTEM32\WINMMBASE.dll
0x00007ff80ef80000 - 0x00007ff80efca000 	C:\WINDOWS\System32\cfgmgr32.dll
0x00007ff808d00000 - 0x00007ff808d0f000 	C:\Program Files\Java\jdk1.8.0_211\jre\bin\verify.dll
0x00007ff8089f0000 - 0x00007ff808a19000 	C:\Program Files\Java\jdk1.8.0_211\jre\bin\java.dll
0x00007ff804c90000 - 0x00007ff804cb3000 	C:\Program Files\Java\jdk1.8.0_211\jre\bin\instrument.dll
0x00007ff808c20000 - 0x00007ff808c36000 	C:\Program Files\Java\jdk1.8.0_211\jre\bin\zip.dll

VM Arguments:
jvm_args: -XX:TieredStopAtLevel=1 -Xverify:none -Dspring.output.ansi.enabled=always -Dcom.sun.management.jmxremote -Dspring.jmx.enabled=true -Dspring.liveBeansView.mbeanDomain -Dspring.application.admin.enabled=true -javaagent:D:\program files\intellij idea\IntelliJ IDEA 2019.1.2\lib\idea_rt.jar=12273:D:\program files\intellij idea\IntelliJ IDEA 2019.1.2\bin -Dfile.encoding=UTF-8 
java_command: com.tl.eccommercecommon.EcCommerceCommonApplication
java_class_path (initial): C:\Program Files\Java\jdk1.8.0_211\jre\lib\charsets.jar;C:\Program Files\Java\jdk1.8.0_211\jre\lib\deploy.jar;C:\Program Files\Java\jdk1.8.0_211\jre\lib\ext\access-bridge-64.jar;C:\Program Files\Java\jdk1.8.0_211\jre\lib\ext\cldrdata.jar;C:\Program Files\Java\jdk1.8.0_211\jre\lib\ext\dnsns.jar;C:\Program Files\Java\jdk1.8.0_211\jre\lib\ext\jaccess.jar;C:\Program Files\Java\jdk1.8.0_211\jre\lib\ext\jfxrt.jar;C:\Program Files\Java\jdk1.8.0_211\jre\lib\ext\localedata.jar;C:\Program Files\Java\jdk1.8.0_211\jre\lib\ext\nashorn.jar;C:\Program Files\Java\jdk1.8.0_211\jre\lib\ext\sunec.jar;C:\Program Files\Java\jdk1.8.0_211\jre\lib\ext\sunjce_provider.jar;C:\Program Files\Java\jdk1.8.0_211\jre\lib\ext\sunmscapi.jar;C:\Program Files\Java\jdk1.8.0_211\jre\lib\ext\sunpkcs11.jar;C:\Program Files\Java\jdk1.8.0_211\jre\lib\ext\zipfs.jar;C:\Program Files\Java\jdk1.8.0_211\jre\lib\javaws.jar;C:\Program Files\Java\jdk1.8.0_211\jre\lib\jce.jar;C:\Program Files\Java\jdk1.8.0_211\jre\lib\jfr.jar;C:\Program Files\Java\jdk1.8.0_211\jre\lib\jfxswt.jar;C:\Program Files\Java\jdk1.8.0_211\jre\lib\jsse.jar;C:\Program Files\Java\jdk1.8.0_211\jre\lib\management-agent.jar;C:\Program Files\Java\jdk1.8.0_211\jre\lib\plugin.jar;C:\Program Files\Java\jdk1.8.0_211\jre\lib\resources.jar;C:\Program Files\Java\jdk1.8.0_211\jre\lib\rt.jar;D:\programming\ec-commerce\ec-commerce-common\target\classes;C:\Users\32074\.m2\repository\org\springframework\boot\spring-boot-starter\2.3.1.RELEASE\spring-boot-starter-2.3.1.RELEASE.jar;C:\Users\32074\.m2\repository\org\springframework\boot\spring-boot\2.3.1.RELEASE\spring-boot-2.3.1.RELEASE.jar;C:\Users\32074\.m2\repository\org\springframework\spring-context\5.2.7.RELEASE\spring-context-5.2.7.RELEASE.jar;C:\Users\32074\.m2\repository\org\springframework\boot\spring-boot-starter-logging\2.3.1.RELEASE\spring-boot-starter-logging-2.3.1.RELEASE.jar;C:\Users\32074\.m2\repository\ch\qos\logback\logback-classic\1.2.3\logback-classic-1.2.3.jar;C:
Launcher Type: SUN_STANDARD

Environment Variables:
JAVA_HOME=C:\Program Files\Java\jdk1.8.0_211
CLASSPATH=.;C:\Program Files\Java\jdk1.8.0_211\lib\dt.jar;C:\Program Files\Java\jdk1.8.0_211\lib\tools.jar; 
PATH=C:\Python38\Scripts\;C:\Python38\;D:\oracle\product\12.2.0\dbhome_1\bin;C:\Program Files (x86)\Common Files\Oracle\Java\javapath;C:\Program Files (x86)\Intel\iCLS Client\;C:\Program Files\Intel\iCLS Client\;C:\Windows\system32;C:\Windows;C:\Windows\System32\Wbem;C:\Windows\System32\WindowsPowerShell\v1.0\;C:\Program Files (x86)\Intel\Intel(R) Management Engine Components\DAL;C:\Program Files\Intel\Intel(R) Management Engine Components\DAL;C:\Program Files (x86)\Intel\Intel(R) Management Engine Components\IPT;C:\Program Files\Intel\Intel(R) Management Engine Components\IPT;C:\Program Files (x86)\NVIDIA Corporation\PhysX\Common;C:\WINDOWS\system32;C:\WINDOWS;C:\WINDOWS\System32\Wbem;C:\WINDOWS\System32\WindowsPowerShell\v1.0\;C:\WINDOWS\System32\OpenSSH\;C:\Program Files\Java\jdk1.8.0_211\bin;C:\Program Files\Java\jdk1.8.0_211\jre\bin;D:\tools\maven\apache-maven-3.6.1\bin;D:\program files\git_tl\Git\cmd;C:\Program Files\Intel\WiFi\bin\;C:\Program Files\Common Files\Intel\WirelessCommon\;D:\tools\node\;C:\ProgramData\chocolatey\bin;C:\Program Files\Git\cmd;C:\Users\32074\AppData\Local\Microsoft\WindowsApps;;D:\program files\intellij idea\IntelliJ IDEA 2019.1.2\bin;;C:\Users\32074\AppData\Roaming\npm
USERNAME=32074
OS=Windows_NT
PROCESSOR_IDENTIFIER=Intel64 Family 6 Model 142 Stepping 10, GenuineIntel



---------------  S Y S T E M  ---------------

OS: Windows 10.0 , 64 bit Build 18362 (10.0.18362.900)

CPU:total 8 (initial active 8) (4 cores per cpu, 2 threads per core) family 6 model 142 stepping 10, cmov, cx8, fxsr, mmx, sse, sse2, sse3, ssse3, sse4.1, sse4.2, popcnt, avx, avx2, aes, clmul, erms, 3dnowpref, lzcnt, ht, tsc, tscinvbit, bmi1, bmi2, adx

Memory: 4k page, physical 16607084k(3117344k free), swap 30182132k(5836k free)

vm_info: Java HotSpot(TM) 64-Bit Server VM (25.211-b12) for windows-amd64 JRE (1.8.0_211-b12), built on Apr  1 2019 20:53:26 by "java_re" with MS VC++ 10.0 (VS2010)

time: Fri Jul 03 18:09:48 2020
timezone: 中国标准时间
elapsed time: 0 seconds (0d 0h 0m 0s)

